This is pdfTeX, Version 3.14159265-2.6-1.40.16 (MiKTeX 2.9 64-bit) (preloaded format=pdftex 2016.5.6)  10 MAY 2016 11:30
entering extended mode
**C:/Users/virum/git/Baako/latex/doxygen.sty
(C:/Users/virum/git/Baako/latex/doxygen.sty
! Undefined control sequence.
l.1 \NeedsTeXFormat
                   {LaTeX2e}
? 
! Undefined control sequence.
l.2 \ProvidesPackage
                    {doxygen}
? 
! Undefined control sequence.
l.5 \RequirePackage
                   {alltt}
? 
! Undefined control sequence.
l.6 \RequirePackage
                   {array}
? 
! Undefined control sequence.
l.7 \RequirePackage
                   {calc}
? 
! Undefined control sequence.
l.8 \RequirePackage
                   {float}
? 
! Undefined control sequence.
l.9 \RequirePackage
                   {ifthen}
? 
! Undefined control sequence.
l.10 \RequirePackage
                    {verbatim}
? 
! Undefined control sequence.
l.11 \RequirePackage
                    [table]{xcolor}
? 
! Undefined control sequence.
l.12 \RequirePackage
                    {longtable}
? 
! Undefined control sequence.
l.13 \RequirePackage
                    {tabu}
? 
! Undefined control sequence.
l.14 \RequirePackage
                    {tabularx}
? 
! Undefined control sequence.
l.15 \RequirePackage
                    {multirow}
? 
! Undefined control sequence.
l.19 \newcommand
                {\ensurespace}[1]{%
? 
! Undefined control sequence.
l.19 \newcommand{\ensurespace
                             }[1]{%
? 
! Undefined control sequence.
l.21     \setlength
                   {\dimen@}{#1}%
? 
! Missing number, treated as zero.
<to be read again> 
                   @
l.21     \setlength{\dimen@
                           }{#1}%
? 
! Missing number, treated as zero.
<to be read again> 
                   @
l.21     \setlength{\dimen@
                           }{#1}%
? 
! Illegal unit of measure (pt inserted).
<to be read again> 
                   @
l.21     \setlength{\dimen@
                           }{#1}%
? 
! You can't use `macro parameter character #' in horizontal mode.
l.21     \setlength{\dimen@}{#
                              1}%
? 
! Undefined control sequence.
l.22     \vskip\z
                 @\@plus\dimen@%
? 
! Missing number, treated as zero.
<to be read again> 
                   @
l.22     \vskip\z@
                  \@plus\dimen@%
? 
! Illegal unit of measure (pt inserted).
<to be read again> 
                   @
l.22     \vskip\z@
                  \@plus\dimen@%
? 
! Undefined control sequence.
l.22     \vskip\z@\@
                    plus\dimen@%
? 
! Missing number, treated as zero.
<to be read again> 
                   @
l.22     \vskip\z@\@plus\dimen@
                               %
? 
! Missing number, treated as zero.
<to be read again> 
                   @
l.22     \vskip\z@\@plus\dimen@
                               %
? 
! Illegal unit of measure (pt inserted).
<to be read again> 
                   @
l.22     \vskip\z@\@plus\dimen@
                               %
? 
! Undefined control sequence.
l.23     \penalty -100\vskip\z
                              @\@plus -\dimen@%
? 
! Missing number, treated as zero.
<to be read again> 
                   @
l.23     \penalty -100\vskip\z@
                               \@plus -\dimen@%
? 
! Illegal unit of measure (pt inserted).
<to be read again> 
                   @
l.23     \penalty -100\vskip\z@
                               \@plus -\dimen@%
? 
! Undefined control sequence.
l.23     \penalty -100\vskip\z@\@
                                 plus -\dimen@%
? 
! Missing number, treated as zero.
<to be read again> 
                   @
l.23     \penalty -100\vskip\z@\@plus -\dimen@
                                              %
? 
! Missing number, treated as zero.
<to be read again> 
                   @
l.23     \penalty -100\vskip\z@\@plus -\dimen@
                                              %
? 
! Illegal unit of measure (pt inserted).
<to be read again> 
                   @
l.23     \penalty -100\vskip\z@\@plus -\dimen@
                                              %
? 
! Missing number, treated as zero.
<to be read again> 
                   @
l.24     \vskip\dimen@
                      %
? 
! Missing number, treated as zero.
<to be read again> 
                   @
l.26     \vskip -\dimen@
                        %
? 
! Undefined control sequence.
l.27     \vskip\z
                 @skip% hide the previous |\vskip| from |\addvspace|
? 
! Missing number, treated as zero.
<to be read again> 
                   @
l.27     \vskip\z@
                  skip% hide the previous |\vskip| from |\addvspace|
? 
! Illegal unit of measure (pt inserted).
<to be read again> 
                   @
l.27     \vskip\z@
                  skip% hide the previous |\vskip| from |\addvspace|
? 
! Undefined control sequence.
l.31 \newcommand
                {\DoxyLabelFont}{}
? 
! Undefined control sequence.
l.31 \newcommand{\DoxyLabelFont
                               }{}
? 
! Undefined control sequence.
l.32 \newcommand
                {\entrylabel}[1]{%
? 
! Undefined control sequence.
l.32 \newcommand{\entrylabel
                            }[1]{%
? 
! Undefined control sequence.
l.34     \parbox
                [b]{\labelwidth-4pt}{%
? 
! Undefined control sequence.
l.34     \parbox[b]{\labelwidth
                               -4pt}{%
? 
! Undefined control sequence.
l.35       \makebox
                   [0pt][l]{\DoxyLabelFont#1}%
? 
! Undefined control sequence.
l.35       \makebox[0pt][l]{\DoxyLabelFont
                                          #1}%
? 
! You can't use `macro parameter character #' in horizontal mode.
l.35       \makebox[0pt][l]{\DoxyLabelFont#
                                           1}%
? 
! Undefined control sequence.
l.36       \vspace
                  {1.5\baselineskip}%
? 
! Missing number, treated as zero.
<to be read again> 
                   }
l.36       \vspace{1.5\baselineskip}
                                    %
? 
! Illegal unit of measure (pt inserted).
<to be read again> 
                   }
l.36       \vspace{1.5\baselineskip}
                                    %
? 
! Undefined control sequence.
l.41 \newenvironment
                    {DoxyDesc}[1]{%
? 
! Undefined control sequence.
l.42   \ensurespace
                   {4\baselineskip}%
? 
! Missing number, treated as zero.
<to be read again> 
                   }
l.42   \ensurespace{4\baselineskip}
                                   %
? 
! Illegal unit of measure (pt inserted).
<to be read again> 
                   }
l.42   \ensurespace{4\baselineskip}
                                   %
? 
! Undefined control sequence.
l.43   \begin
             {list}{}{%
? 
! Undefined control sequence.
l.44     \settowidth
                    {\labelwidth}{20pt}%
? 
! Undefined control sequence.
l.44     \settowidth{\labelwidth
                                }{20pt}%
? 
! Undefined control sequence.
l.45     \setlength
                   {\parsep}{0pt}%
? 
! Undefined control sequence.
l.45     \setlength{\parsep
                           }{0pt}%
? 
! Undefined control sequence.
l.46     \setlength
                   {\itemsep}{0pt}%
? 
! Undefined control sequence.
l.46     \setlength{\itemsep
                            }{0pt}%
? 
! Undefined control sequence.
l.47     \setlength
                   {\leftmargin}{\labelwidth+\labelsep}%
? 
! Undefined control sequence.
l.47     \setlength{\leftmargin
                               }{\labelwidth+\labelsep}%
? 
! Undefined control sequence.
l.47     \setlength{\leftmargin}{\labelwidth
                                            +\labelsep}%
? 
! Undefined control sequence.
l.47 ...tlength{\leftmargin}{\labelwidth+\labelsep
                                                  }%
? 
! Undefined control sequence.
l.48     \renewcommand
                      {\makelabel}{\entrylabel}%
? 
! Undefined control sequence.
l.48     \renewcommand{\makelabel
                                 }{\entrylabel}%
? 
! Undefined control sequence.
l.48     \renewcommand{\makelabel}{\entrylabel
                                              }%
? 
! You can't use `macro parameter character #' in horizontal mode.
l.50   \item[#
              1]%
? 
[1{C:/Users/virum/AppData/Local/MiKTeX/2.9/pdftex/config/pdftex.map}] )
(\end occurred inside a group at level 1)

### simple group (level 1) entered at line 51 ({)
### bottom level<E:/Programas/TeX/fonts/type1/public/amsfonts/cm/cmr10.pfb>
Output written on doxygen.pdf (1 page, 18961 bytes).
PDF statistics:
 10 PDF objects out of 1000 (max. 8388607)
 0 named destinations out of 1000 (max. 500000)
 1 words of extra memory for PDF output out of 10000 (max. 10000000)

